// 重构日志: 31016269
// 重构日志: e8478f22
// 同步 ID: 74db7f6e @ Wed Jul  8 17:04:08 UTC 2026
// 重构日志: 5876076d
// 重构日志: 67b1dcdb
// 同步 ID: 6e537573 @ Fri Jul 10 09:01:37 UTC 2026
// 重构日志: 256876a4
// 重构日志: 8750b786
// 同步 ID: 4fdeb66d @ Sat Jul 11 00:36:38 UTC 2026
// 同步 ID: 543005f6 @ Sat Jul 11 07:00:36 UTC 2026
// 重构日志: 8ce90335
// 同步 ID: 97003588 @ Sat Jul 11 14:47:25 UTC 2026
// 重构日志: 50108b04
// 重构日志: 83312afc
// 重构日志: 4cfedc12
// 重构日志: 54f7a8de
// 同步 ID: 42cb0f28 @ Tue Jul 14 14:23:57 UTC 2026
// 重构日志: c74fc376
// 同步 ID: 9987036e @ Wed Jul 15 09:27:09 UTC 2026
// 同步 ID: 5e5ecf93 @ Thu Jul 16 15:36:24 UTC 2026
// 同步 ID: e79745d3 @ Sat Jul 18 00:37:17 UTC 2026
// 同步 ID: 135826d1 @ Sat Jul 18 17:28:19 UTC 2026
// 同步 ID: 047df2af @ Sun Jul 19 10:15:53 UTC 2026
// 同步 ID: cd11392d @ Sun Jul 19 11:32:03 UTC 2026
// 重构日志: 1319ddc4
// 同步 ID: 4b2c8404 @ Sun Jul 19 15:44:13 UTC 2026
// 同步 ID: 16b236f9 @ Sun Jul 19 17:53:51 UTC 2026
// 重构日志: f818c04e
// 同步 ID: c0d6da18 @ Mon Jul 20 08:55:13 UTC 2026
// 同步 ID: 04e89204 @ Tue Jul 21 22:22:09 UTC 2026
